0 info it worked if it ends with ok
1 verbose cli [ '/Users/daniels/.nvm/versions/node/v5.1.0/bin/node',
1 verbose cli   '/Users/daniels/.nvm/versions/node/v5.1.0/bin/npm',
1 verbose cli   'shrinkwrap' ]
2 info using npm@3.3.12
3 info using node@v5.1.0
4 verbose stack Error: Problems were encountered
4 verbose stack Please correct and try again.
4 verbose stack invalid: have get-stream@1.0.0 (expected: github:sindresorhus/get-stream#v1.0.0) /Users/daniels/github/testing-shrinkwrap/node_modules/get-stream
4 verbose stack extraneous: get-stream@1.0.0 /Users/daniels/github/testing-shrinkwrap/node_modules/get-stream
4 verbose stack     at shrinkwrap_ (/Users/daniels/.nvm/versions/node/v5.1.0/lib/node_modules/npm/lib/shrinkwrap.js:101:15)
4 verbose stack     at /Users/daniels/.nvm/versions/node/v5.1.0/lib/node_modules/npm/lib/shrinkwrap.js:36:5
4 verbose stack     at /Users/daniels/.nvm/versions/node/v5.1.0/lib/node_modules/npm/node_modules/iferr/index.js:13:50
4 verbose stack     at /Users/daniels/.nvm/versions/node/v5.1.0/lib/node_modules/npm/lib/install/deps.js:123:5
4 verbose stack     at LOOP (/Users/daniels/.nvm/versions/node/v5.1.0/lib/node_modules/npm/node_modules/slide/lib/chain.js:7:26)
4 verbose stack     at /Users/daniels/.nvm/versions/node/v5.1.0/lib/node_modules/npm/node_modules/slide/lib/chain.js:18:7
4 verbose stack     at cb (/Users/daniels/.nvm/versions/node/v5.1.0/lib/node_modules/npm/node_modules/slide/lib/async-map.js:47:24)
4 verbose stack     at /Users/daniels/.nvm/versions/node/v5.1.0/lib/node_modules/npm/lib/install/deps.js:123:5
4 verbose stack     at LOOP (/Users/daniels/.nvm/versions/node/v5.1.0/lib/node_modules/npm/node_modules/slide/lib/chain.js:7:26)
4 verbose stack     at /Users/daniels/.nvm/versions/node/v5.1.0/lib/node_modules/npm/node_modules/slide/lib/chain.js:18:7
5 verbose cwd /Users/daniels/github/testing-shrinkwrap
6 error Darwin 14.5.0
7 error argv "/Users/daniels/.nvm/versions/node/v5.1.0/bin/node" "/Users/daniels/.nvm/versions/node/v5.1.0/bin/npm" "shrinkwrap"
8 error node v5.1.0
9 error npm  v3.3.12
10 error Problems were encountered
10 error Please correct and try again.
10 error invalid: have get-stream@1.0.0 (expected: github:sindresorhus/get-stream#v1.0.0) /Users/daniels/github/testing-shrinkwrap/node_modules/get-stream
10 error extraneous: get-stream@1.0.0 /Users/daniels/github/testing-shrinkwrap/node_modules/get-stream
11 error If you need help, you may report this error at:
11 error     <https://github.com/npm/npm/issues>
12 verbose exit [ 1, true ]
